Student Horace Hauck: 13 grades
6, 8, 7, 1, 6, 7, 7, 2, 6, 4, 9, 6, 8
Average: 5.923076923076923

Student Gerald Greenfelder: 4 grades
10, 6, 5, 2
Average: 5.75

Student Jeffrey Damore: 5 grades
5, 2, 8, 10, 4
Average: 5.8

Student Adrain Anderson: 12 grades
6, 3, 9, 10, 2, 6, 4, 2, 5, 6, 2, 5
Average: 5.0

Student Alek Watsica: 14 grades
10, 6, 7, 3, 1, 7, 4, 9, 4, 6, 1, 7, 8, 8
Average: 5.785714285714286

Student Percy Collier: 11 grades
4, 2, 2, 6, 2, 1, 3, 9, 4, 6, 1
Average: 3.6363636363636362

Student Jarrod Schultz: 14 grades
9, 1, 6, 7, 2, 4, 9, 6, 5, 5, 5, 4, 2, 1
Average: 4.714285714285714

Student Vada Schmitt: 6 grades
4, 6, 7, 4, 2, 10
Average: 5.5

Student Courtney Lang: 15 grades
6, 6, 9, 4, 8, 5, 6, 9, 1, 4, 5, 4, 8, 9, 8
Average: 6.133333333333334

Student Taryn Lemke: 8 grades
2, 1, 2, 8, 5, 8, 4, 9
Average: 4.875

Student Erick Sipes: 13 grades
5, 2, 8, 9, 9, 3, 2, 8, 6, 3, 1, 1, 3
Average: 4.615384615384615

Student Mohammad Schroeder: 17 grades
8, 4, 3, 3, 7, 3, 3, 5, 1, 7, 8, 2, 4, 6, 10, 10, 5
Average: 5.235294117647059

Student Elvis Tremblay: 13 grades
9, 2, 4, 8, 6, 3, 8, 1, 6, 2, 5, 10, 10
Average: 5.6923076923076925

Student Grayce Kunze: 7 grades
7, 3, 6, 10, 7, 4, 7
Average: 6.285714285714286

Student Gladyce Thiel: 17 grades
3, 5, 10, 5, 4, 10, 1, 5, 6, 8, 1, 3, 7, 4, 4, 6, 3
Average: 5.0

Student Chaya Langworth: 17 grades
1, 8, 6, 4, 7, 2, 1, 6, 8, 5, 2, 1, 7, 7, 5, 6, 5
Average: 4.764705882352941

Student Roberta Buckridge: 3 grades
5, 2, 6
Average: 4.333333333333333

Student Selena Kautzer: 8 grades
10, 10, 6, 9, 1, 2, 3, 5
Average: 5.75

Student Leilani Olson: 3 grades
4, 8, 4
Average: 5.333333333333333

Student Jensen Torphy: 11 grades
2, 8, 5, 5, 6, 6, 5, 5, 4, 5, 9
Average: 5.454545454545454

Student Kylee Hilll: 4 grades
10, 10, 4, 8
Average: 8.0

Student Brandt Waelchi: 6 grades
10, 8, 9, 3, 2, 2
Average: 5.666666666666667

Student Una Konopelski: 14 grades
5, 4, 5, 3, 9, 1, 1, 4, 5, 3, 2, 4, 9, 1
Average: 4.0

Student Trudie Lemke: 19 grades
3, 6, 1, 10, 9, 3, 9, 7, 5, 10, 10, 8, 4, 8, 3, 8, 6, 2, 7
Average: 6.2631578947368425

Student Keith Mann: 13 grades
4, 3, 3, 3, 8, 3, 9, 8, 8, 4, 1, 4, 6
Average: 4.923076923076923

Student Vance Bailey: 18 grades
3, 7, 9, 4, 1, 6, 6, 10, 2, 8, 7, 10, 1, 10, 10, 9, 8, 1
Average: 6.222222222222222

Student Henderson Renner: 10 grades
2, 1, 4, 4, 6, 3, 6, 7, 7, 3
Average: 4.3

Student Sammie Wolff: 19 grades
6, 1, 7, 8, 8, 8, 5, 2, 7, 2, 1, 8, 1, 9, 10, 5, 4, 4, 10
Average: 5.578947368421052

Student Schuyler Rohan: 10 grades
1, 1, 8, 1, 2, 4, 4, 1, 3, 2
Average: 2.7

Student Gianni Steuber: 10 grades
4, 7, 6, 2, 6, 2, 6, 2, 6, 5
Average: 4.6

Student Lamont Ruecker: 13 grades
8, 5, 6, 8, 3, 9, 5, 6, 7, 2, 7, 2, 7
Average: 5.769230769230769

Student Mya Goodwin: 5 grades
6, 10, 10, 5, 8
Average: 7.8

Student Weston Ortiz: 15 grades
4, 6, 5, 10, 1, 4, 3, 5, 4, 2, 6, 6, 2, 7, 8
Average: 4.866666666666666

Student Juwan Daugherty: 4 grades
3, 2, 5, 2
Average: 3.0

Student Ebony Koepp: 13 grades
3, 5, 2, 2, 8, 4, 4, 5, 1, 4, 4, 9, 6
Average: 4.384615384615385

Student Alene Rau: 11 grades
1, 2, 3, 2, 7, 10, 10, 8, 8, 9, 5
Average: 5.909090909090909

Student Claud Goyette: 18 grades
8, 4, 10, 5, 5, 4, 9, 6, 6, 8, 9, 10, 9, 7, 6, 10, 3, 2
Average: 6.722222222222222

Student Elda Daniel: 18 grades
8, 1, 1, 7, 6, 2, 9, 5, 7, 3, 10, 6, 9, 2, 3, 7, 5, 6
Average: 5.388888888888889

Student Euna Stamm: 16 grades
1, 4, 3, 3, 8, 7, 8, 10, 3, 6, 9, 6, 1, 1, 2, 8
Average: 5.0

Student Angelo Grady: 14 grades
1, 10, 7, 5, 4, 2, 6, 5, 6, 1, 1, 1, 8, 7
Average: 4.571428571428571

Student Luisa Herzog: 5 grades
5, 3, 2, 6, 3
Average: 3.8

Student Michale Eichmann: 18 grades
6, 2, 5, 7, 5, 4, 4, 7, 9, 7, 6, 10, 1, 2, 7, 5, 10, 3
Average: 5.555555555555555

Student Elza Goyette: 19 grades
10, 3, 6, 4, 7, 9, 9, 6, 9, 7, 2, 9, 1, 10, 10, 10, 2, 9, 2
Average: 6.578947368421052

Student Casimir Weber: 19 grades
1, 6, 5, 6, 4, 10, 10, 9, 4, 4, 8, 7, 3, 8, 5, 7, 8, 3, 1
Average: 5.7368421052631575

Student Owen Nienow: 10 grades
4, 2, 3, 3, 1, 6, 5, 1, 2, 1
Average: 2.8

Student Janick Waelchi: 19 grades
7, 6, 3, 8, 2, 10, 7, 7, 6, 8, 10, 7, 5, 6, 7, 7, 5, 2, 8
Average: 6.368421052631579

Student Hassie White: 16 grades
10, 10, 2, 7, 6, 3, 3, 2, 8, 3, 10, 4, 6, 7, 5, 9
Average: 5.9375

Student Celestine Greenfelder: 11 grades
4, 10, 1, 2, 8, 3, 6, 5, 8, 10, 8
Average: 5.909090909090909

Student Athena Trantow: 11 grades
9, 4, 1, 5, 6, 7, 8, 1, 8, 10, 10
Average: 6.2727272727272725

Student Marcella Johnston: 14 grades
3, 2, 6, 1, 9, 2, 2, 5, 7, 5, 2, 8, 7, 9
Average: 4.857142857142857

Student Ryder Jaskolski: 5 grades
1, 4, 2, 8, 2
Average: 3.4

Student Clementine Marvin: 8 grades
9, 3, 3, 4, 7, 10, 5, 6
Average: 5.875

Student Jordan Langworth: 10 grades
5, 9, 5, 7, 5, 6, 4, 10, 1, 8
Average: 6.0

Student Wilfred Stracke: 13 grades
7, 2, 3, 7, 10, 6, 6, 8, 5, 9, 1, 2, 3
Average: 5.3076923076923075

Student Dayne Larkin: 4 grades
1, 10, 6, 2
Average: 4.75

Student Jesse Kuphal: 10 grades
6, 2, 7, 9, 3, 10, 10, 1, 5, 1
Average: 5.4

Student Filiberto Kuhn: 16 grades
1, 2, 8, 1, 5, 5, 2, 8, 8, 9, 7, 3, 6, 4, 2, 8
Average: 4.9375

Student Linda Johnston: 19 grades
3, 2, 8, 9, 1, 8, 10, 4, 4, 1, 3, 1, 2, 3, 2, 10, 4, 2, 10
Average: 4.578947368421052

Student Kiera Cronin: 12 grades
1, 4, 9, 7, 8, 6, 5, 10, 8, 6, 3, 3
Average: 5.833333333333333

Student Pinkie Daugherty: 10 grades
3, 3, 6, 8, 3, 8, 1, 2, 7, 4
Average: 4.5

Student Lamont Marvin: 14 grades
1, 10, 3, 10, 7, 1, 6, 10, 8, 6, 2, 9, 3, 4
Average: 5.714285714285714

Student Dedrick Douglas: 13 grades
8, 6, 5, 9, 6, 3, 10, 5, 10, 4, 9, 5, 4
Average: 6.461538461538462

Student Hailey Mills: 18 grades
3, 1, 3, 8, 1, 5, 7, 3, 9, 3, 5, 8, 3, 3, 8, 4, 9, 4
Average: 4.833333333333333

Student Noelia Stark: 17 grades
1, 1, 2, 8, 10, 3, 10, 10, 4, 2, 10, 6, 5, 6, 10, 2, 1
Average: 5.352941176470588

Student Merlin Gutmann: 6 grades
3, 7, 4, 10, 9, 8
Average: 6.833333333333333

Student Alene Beahan: 5 grades
6, 1, 2, 8, 3
Average: 4.0

Student Sid Hammes: 17 grades
8, 3, 7, 2, 8, 9, 7, 3, 8, 9, 7, 1, 9, 1, 8, 1, 8
Average: 5.823529411764706

Student Floy Bashirian: 5 grades
8, 7, 1, 8, 10
Average: 6.8

Student Liliana Herman: 6 grades
2, 2, 6, 2, 6, 6
Average: 4.0

Student Otilia Jast: 6 grades
1, 8, 3, 10, 8, 3
Average: 5.5

Student Murl Hermann: 16 grades
2, 8, 7, 7, 4, 8, 7, 3, 7, 2, 10, 5, 9, 2, 1, 2
Average: 5.25

Student Ollie Hahn: 14 grades
8, 10, 6, 6, 6, 3, 9, 1, 1, 8, 8, 9, 2, 3
Average: 5.714285714285714

Student Angeline Reichert: 10 grades
1, 4, 3, 5, 7, 3, 7, 10, 4, 3
Average: 4.7

Student Kiarra Weber: 18 grades
1, 7, 5, 10, 3, 1, 10, 3, 8, 6, 4, 4, 8, 6, 6, 9, 4, 3
Average: 5.444444444444445

Student Lulu Breitenberg: 5 grades
6, 9, 6, 3, 8
Average: 6.4

Student Harmon Koch: 6 grades
8, 2, 3, 8, 3, 4
Average: 4.666666666666667

Student Johnnie Price: 10 grades
7, 6, 7, 2, 3, 10, 10, 5, 5, 2
Average: 5.7

Student Bonnie Schmeler: 12 grades
8, 1, 4, 10, 3, 6, 6, 6, 3, 4, 9, 3
Average: 5.25

Student Ola Leannon: 3 grades
4, 9, 7
Average: 6.666666666666667

Student Leopoldo Lindgren: 13 grades
2, 3, 7, 6, 5, 9, 10, 10, 5, 9, 1, 9, 7
Average: 6.384615384615385

Student Bart Schumm: 8 grades
5, 4, 8, 10, 8, 3, 6, 3
Average: 5.875

Student Wilford Sauer: 3 grades
10, 10, 3
Average: 7.666666666666667

Student Jaycee Goyette: 10 grades
8, 7, 1, 7, 5, 2, 3, 3, 3, 2
Average: 4.1

Student Gene Ortiz: 12 grades
3, 3, 6, 1, 9, 9, 2, 3, 6, 1, 4, 6
Average: 4.416666666666667

Student Ariel Yost: 10 grades
7, 5, 7, 4, 9, 6, 9, 3, 5, 10
Average: 6.5

Student Clint Kub: 8 grades
8, 3, 6, 8, 10, 9, 10, 1
Average: 6.875

Student Kip Abbott: 4 grades
1, 9, 4, 9
Average: 5.75

Student Carole Lubowitz: 12 grades
6, 6, 1, 5, 4, 8, 4, 7, 1, 6, 5, 7
Average: 5.0

Student Jensen McLaughlin: 8 grades
8, 6, 10, 1, 4, 5, 2, 4
Average: 5.0

Student Kody Reichel: 18 grades
1, 10, 1, 2, 1, 6, 4, 7, 5, 8, 4, 9, 7, 10, 4, 1, 1, 10
Average: 5.055555555555555

Student Ivah Rice: 7 grades
8, 3, 4, 7, 3, 1, 6
Average: 4.571428571428571

Student Lacey Reichel: 15 grades
6, 2, 7, 8, 2, 1, 1, 1, 3, 6, 10, 7, 8, 5, 6
Average: 4.866666666666666

Student Tracey Hoppe: 10 grades
8, 1, 6, 2, 4, 5, 1, 10, 4, 8
Average: 4.9

Student Earline Lueilwitz: 18 grades
5, 3, 5, 2, 7, 1, 2, 1, 6, 4, 3, 7, 7, 4, 4, 10, 9, 2
Average: 4.555555555555555

Student Lester Goyette: 3 grades
9, 8, 6
Average: 7.666666666666667

Student Casimir Little: 3 grades
7, 9, 1
Average: 5.666666666666667

Student Blake Schmeler: 18 grades
9, 8, 4, 9, 1, 3, 9, 4, 8, 9, 4, 2, 9, 10, 5, 4, 5, 3
Average: 5.888888888888889

Student Brennan Kovacek: 3 grades
6, 2, 8
Average: 5.333333333333333

Student Gus Schmidt: 12 grades
1, 2, 7, 1, 9, 5, 3, 2, 2, 5, 9, 9
Average: 4.583333333333333

Student Meaghan Buckridge: 7 grades
2, 10, 8, 3, 5, 6, 1
Average: 5.0

